<?xml version="1.0" encoding="UTF-8"?>
<!-- Generated by org.testng.reporters.JUnitReportReporter -->
<testsuite skipped="0" hostname="admin-PC" name="com.Test_base.Testbase" tests="1" failures="0" timestamp="14 Oct 2018 20:03:59 GMT" time="0.022" errors="0">
  <testcase name="Setup" time="0.022" classname="com.Test_base.Testbase"/>
</testsuite> <!-- com.Test_base.Testbase -->
