<?xml version="1.0" encoding="UTF-8"?>
<!-- Generated by org.testng.reporters.JUnitReportReporter -->
<testsuite skipped="0" hostname="admin-PC" name="com.function.Test1" tests="1" failures="0" timestamp="07 Oct 2018 18:14:31 GMT" time="0.013" errors="0">
  <testcase name="prameterTestOne" time="0.013" classname="com.function.Test1"/>
</testsuite> <!-- com.function.Test1 -->
