<?xml version="1.0" encoding="UTF-8"?>
<!-- Generated by org.testng.reporters.JUnitReportReporter -->
<testsuite hostname="admin-PC" name="com.Test_Scripts.Test1" tests="3" failures="0" timestamp="8 Jun 2019 19:04:59 GMT" time="34.390" errors="0">
  <testcase name="login" time="5.709" classname="com.Test_Scripts.Test1"/>
  <testcase name="contacts" time="6.365" classname="com.Test_Scripts.Test1"/>
  <testcase name="testcase1" time="22.316" classname="com.Test_Scripts.Test1"/>
</testsuite> <!-- com.Test_Scripts.Test1 -->
