<?xml version="1.0" encoding="UTF-8"?>
<!-- Generated by org.testng.reporters.JUnitReportReporter -->
<testsuite skipped="0" hostname="admin-PC" name="com.Test_function.Test1" tests="1" failures="0" timestamp="20 Oct 2018 19:12:41 GMT" time="8.507" errors="0">
  <testcase name="testcase1" time="8.507" classname="com.Test_function.Test1"/>
</testsuite> <!-- com.Test_function.Test1 -->
